[2024-11-03T00:19:40.548+0000] {local_task_job_runner.py:123} INFO - ::group::Pre task execution logs
[2024-11-03T00:19:40.562+0000] {taskinstance.py:2612} INFO - Dependencies all met for dep_context=non-requeueable deps ti=<TaskInstance: etl_reddit_pipeline.reddit_extraction scheduled__2024-11-02T00:00:00+00:00 [queued]>
[2024-11-03T00:19:40.569+0000] {taskinstance.py:2612} INFO - Dependencies all met for dep_context=requeueable deps ti=<TaskInstance: etl_reddit_pipeline.reddit_extraction scheduled__2024-11-02T00:00:00+00:00 [queued]>
[2024-11-03T00:19:40.569+0000] {taskinstance.py:2865} INFO - Starting attempt 1 of 1
[2024-11-03T00:19:40.578+0000] {taskinstance.py:2888} INFO - Executing <Task(PythonOperator): reddit_extraction> on 2024-11-02 00:00:00+00:00
[2024-11-03T00:19:40.587+0000] {standard_task_runner.py:72} INFO - Started process 48 to run task
[2024-11-03T00:19:40.597+0000] {standard_task_runner.py:104} INFO - Running: ['airflow', 'tasks', 'run', 'etl_reddit_pipeline', 'reddit_extraction', 'scheduled__2024-11-02T00:00:00+00:00', '--job-id', '11', '--raw', '--subdir', 'DAGS_FOLDER/reddit_dag.py', '--cfg-path', '/tmp/tmpzb5g4r3j']
[2024-11-03T00:19:40.599+0000] {standard_task_runner.py:105} INFO - Job 11: Subtask reddit_extraction
[2024-11-03T00:19:40.696+0000] {task_command.py:467} INFO - Running <TaskInstance: etl_reddit_pipeline.reddit_extraction scheduled__2024-11-02T00:00:00+00:00 [running]> on host 572dd0157997
[2024-11-03T00:19:40.827+0000] {taskinstance.py:3131} INFO - Exporting env vars: AIRFLOW_CTX_DAG_OWNER='Navya Racha' AIRFLOW_CTX_DAG_ID='etl_reddit_pipeline' AIRFLOW_CTX_TASK_ID='reddit_extraction' AIRFLOW_CTX_EXECUTION_DATE='2024-11-02T00:00:00+00:00' AIRFLOW_CTX_TRY_NUMBER='1' AIRFLOW_CTX_DAG_RUN_ID='scheduled__2024-11-02T00:00:00+00:00'
[2024-11-03T00:19:40.828+0000] {taskinstance.py:731} INFO - ::endgroup::
[2024-11-03T00:19:41.025+0000] {logging_mixin.py:190} WARNING - Version 7.8.0 of praw is outdated. Version 7.8.1 was released Friday October 25, 2024.
[2024-11-03T00:19:41.036+0000] {logging_mixin.py:190} INFO - Connected to Reddit!
[2024-11-03T00:19:41.040+0000] {logging_mixin.py:190} INFO - <praw.models.listing.generator.ListingGenerator object at 0xffff8cb101c0>
[2024-11-03T00:19:41.041+0000] {python.py:240} INFO - Done. Returned value was: None
[2024-11-03T00:19:41.054+0000] {taskinstance.py:340} INFO - ::group::Post task execution logs
[2024-11-03T00:19:41.054+0000] {taskinstance.py:352} INFO - Marking task as SUCCESS. dag_id=etl_reddit_pipeline, task_id=reddit_extraction, run_id=scheduled__2024-11-02T00:00:00+00:00, execution_date=20241102T000000, start_date=20241103T001940, end_date=20241103T001941
[2024-11-03T00:19:41.121+0000] {local_task_job_runner.py:266} INFO - Task exited with return code 0
[2024-11-03T00:19:41.172+0000] {taskinstance.py:3900} INFO - 0 downstream tasks scheduled from follow-on schedule check
[2024-11-03T00:19:41.174+0000] {local_task_job_runner.py:245} INFO - ::endgroup::
