[2024-11-03T00:20:38.280+0000] {local_task_job_runner.py:123} INFO - ::group::Pre task execution logs
[2024-11-03T00:20:38.309+0000] {taskinstance.py:2612} INFO - Dependencies all met for dep_context=non-requeueable deps ti=<TaskInstance: etl_reddit_pipeline.reddit_extraction manual__2024-11-03T00:20:36.608419+00:00 [queued]>
[2024-11-03T00:20:38.396+0000] {taskinstance.py:2612} INFO - Dependencies all met for dep_context=requeueable deps ti=<TaskInstance: etl_reddit_pipeline.reddit_extraction manual__2024-11-03T00:20:36.608419+00:00 [queued]>
[2024-11-03T00:20:38.398+0000] {taskinstance.py:2865} INFO - Starting attempt 1 of 1
[2024-11-03T00:20:38.416+0000] {taskinstance.py:2888} INFO - Executing <Task(PythonOperator): reddit_extraction> on 2024-11-03 00:20:36.608419+00:00
[2024-11-03T00:20:38.432+0000] {standard_task_runner.py:72} INFO - Started process 51 to run task
[2024-11-03T00:20:38.448+0000] {standard_task_runner.py:104} INFO - Running: ['airflow', 'tasks', 'run', 'etl_reddit_pipeline', 'reddit_extraction', 'manual__2024-11-03T00:20:36.608419+00:00', '--job-id', '12', '--raw', '--subdir', 'DAGS_FOLDER/reddit_dag.py', '--cfg-path', '/tmp/tmpamz2l5cm']
[2024-11-03T00:20:38.452+0000] {standard_task_runner.py:105} INFO - Job 12: Subtask reddit_extraction
[2024-11-03T00:20:38.584+0000] {task_command.py:467} INFO - Running <TaskInstance: etl_reddit_pipeline.reddit_extraction manual__2024-11-03T00:20:36.608419+00:00 [running]> on host 572dd0157997
[2024-11-03T00:20:38.697+0000] {taskinstance.py:3131} INFO - Exporting env vars: AIRFLOW_CTX_DAG_OWNER='Navya Racha' AIRFLOW_CTX_DAG_ID='etl_reddit_pipeline' AIRFLOW_CTX_TASK_ID='reddit_extraction' AIRFLOW_CTX_EXECUTION_DATE='2024-11-03T00:20:36.608419+00:00' AIRFLOW_CTX_TRY_NUMBER='1' AIRFLOW_CTX_DAG_RUN_ID='manual__2024-11-03T00:20:36.608419+00:00'
[2024-11-03T00:20:38.699+0000] {taskinstance.py:731} INFO - ::endgroup::
[2024-11-03T00:20:38.729+0000] {logging_mixin.py:190} WARNING - Version 7.8.0 of praw is outdated. Version 7.8.1 was released Friday October 25, 2024.
[2024-11-03T00:20:38.734+0000] {logging_mixin.py:190} INFO - Connected to Reddit!
[2024-11-03T00:20:38.735+0000] {logging_mixin.py:190} INFO - <praw.models.listing.generator.ListingGenerator object at 0xffff8cbb7b80>
[2024-11-03T00:20:38.735+0000] {python.py:240} INFO - Done. Returned value was: None
[2024-11-03T00:20:38.746+0000] {taskinstance.py:340} INFO - ::group::Post task execution logs
[2024-11-03T00:20:38.747+0000] {taskinstance.py:352} INFO - Marking task as SUCCESS. dag_id=etl_reddit_pipeline, task_id=reddit_extraction, run_id=manual__2024-11-03T00:20:36.608419+00:00, execution_date=20241103T002036, start_date=20241103T002038, end_date=20241103T002038
[2024-11-03T00:20:38.770+0000] {local_task_job_runner.py:266} INFO - Task exited with return code 0
[2024-11-03T00:20:38.790+0000] {taskinstance.py:3900} INFO - 0 downstream tasks scheduled from follow-on schedule check
[2024-11-03T00:20:38.791+0000] {local_task_job_runner.py:245} INFO - ::endgroup::
